Warning message:
'assay' is not in the column names of the merged API and shipment metadata. Batching will assume that all samples from a given tissue are for a single assay.
 
BATCHING STATS FOR '4' SAMPLES ##############################################

With this randomization, '4' samples don't fit into 15 batches. Trying with 16.
Sample totals:
    batch total
 1:     1    94
 2:     2    91
 3:     3    90
 4:     4    90
 5:     5    90
 6:     6    90
 7:     7    90
 8:     8    89
 9:     9    87
10:    10    87
11:    11    87
12:    12    87
13:    13    87
14:    14    83
15:    15    83
16:    16    81

N subj. per sex by batch:
    
      1  2
  1   8  7
  2  11  4
  3  13  2
  4  10  5
  5  11  4
  6   9  6
  7  10  5
  8   9  6
  9   8  7
  10 11  4
  11 12  3
  12  8  7
  13  7  8
  14  9  6
  15 10  5
  16  9  5

N subj. per site by batch:
    
     21 22 23 24 25 26 27 28 29 30 31
  1   1  4  0  2  2  0  0  2  3  1  0
  2   0  2  1  1  2  2  4  1  0  1  1
  3   0  2  2  0  2  3  3  1  0  1  1
  4   0  2  2  2  0  5  1  1  1  0  1
  5   0  3  1  4  0  5  0  1  0  0  1
  6   1  2  1  4  1  4  0  1  0  1  0
  7   1  2  2  3  1  4  0  1  0  1  0
  8   0  2  4  2  0  4  0  1  0  1  1
  9   0  2  4  1  0  5  0  1  1  0  1
  10  0  2  5  0  0  5  0  1  1  0  1
  11  0  4  3  0  1  4  0  2  0  0  1
  12  0  4  3  2  1  2  0  2  0  1  0
  13  1  4  2  2  2  1  0  2  0  1  0
  14  1  3  1  1  2  3  0  2  0  2  0
  15  2  4  0  2  1  2  0  2  1  1  0
  16  1  3  0  3  2  0  0  2  2  0  1

N subj. per intervention by batch:
    
     ADUControl ADUEndur ADUResist ATHEndur ATHResist PEDEndur
  1           1        4         4        1         3        2
  2           1        3         5        4         1        1
  3           3        5         5        1         0        1
  4           3        2         6        2         1        1
  5           1        5         4        2         2        1
  6           0        7         5        1         1        1
  7           2        6         5        0         1        1
  8           2        6         5        0         1        1
  9           2        4         6        0         2        1
  10          5        3         6        0         0        1
  11          4        4         4        1         0        2
  12          4        2         5        2         0        2
  13          3        4         2        2         2        2
  14          3        2         5        2         1        2
  15          2        5         2        0         4        2
  16          1        3         4        1         3        2

N subj. per age group by batch (<40 yrs):
    
     FALSE TRUE
  1      6    9
  2      6    9
  3     11    4
  4      8    7
  5      7    8
  6      4   11
  7      6    9
  8      7    8
  9      7    8
  10     9    6
  11    11    4
  12     9    6
  13     4   11
  14     5   10
  15     7    8
  16     5    9


BATCHING STATS FOR '5' SAMPLES ##############################################

Sample totals:
    batch total
 1:     1    94
 2:     2    94
 3:     3    93
 4:     4    93
 5:     5    92
 6:     6    92
 7:     7    92
 8:     8    94
 9:     9    92
10:    10    92
11:    11    92
12:    12    94
13:    13    94
14:    14    92
15:    15    91

N subj. per sex by batch:
    
      1  2
  1  12  3
  2  10  5
  3   9  7
  4   9  7
  5   8  7
  6   9  6
  7   8  7
  8  12  4
  9  10  6
  10 12  4
  11 11  5
  12 13  4
  13  9  8
  14 10  7
  15 13  4

N subj. per site by batch:
    
     21 22 23 24 25 26 27 28 29 30 31
  1   0  3  2  2  0  3  0  2  2  1  0
  2   1  1  3  1  1  4  1  2  0  1  0
  3   0  2  3  0  1  5  1  2  0  1  1
  4   0  4  2  1  1  4  0  2  1  0  1
  5   1  2  2  2  2  2  0  2  1  0  1
  6   1  3  1  2  2  2  1  1  1  0  1
  7   1  3  3  0  2  3  1  1  0  1  0
  8   1  3  2  2  2  2  2  1  0  1  0
  9   0  3  2  2  1  5  0  1  0  1  1
  10  0  3  2  2  1  5  0  1  1  1  0
  11  1  3  1  2  3  3  0  1  1  1  0
  12  0  5  1  4  1  2  0  1  1  1  1
  13  1  4  1  5  0  2  0  2  1  0  1
  14  1  3  2  3  0  3  1  2  0  1  1
  15  0  3  4  1  0  4  1  2  0  1  1

N subj. per intervention by batch:
    
     ADUControl ADUEndur ADUResist ATHEndur ATHResist PEDEndur
  1           4        3         5        1         0        2
  2           4        3         4        1         1        2
  3           4        4         3        2         1        2
  4           2        4         4        2         2        2
  5           1        4         4        1         3        2
  6           1        5         4        1         3        1
  7           1        7         3        1         2        1
  8           3        5         6        0         1        1
  9           4        1         7        1         2        1
  10          3        4         5        1         2        1
  11          2        7         4        1         1        1
  12          3        3         6        2         2        1
  13          1        5         6        2         1        2
  14          2        3         7        2         1        2
  15          2        7         5        1         0        2

N subj. per age group by batch (<40 yrs):
    
     FALSE TRUE
  1      6    9
  2      6    9
  3      5   11
  4      9    7
  5      6    9
  6      5   10
  7      8    7
  8      7    9
  9      8    8
  10     9    7
  11    10    6
  12     9    8
  13     8    9
  14     6   11
  15    10    7


BATCHING STATS FOR '6' SAMPLES ##############################################

Sample totals:
   batch total
1:     1    94
2:     2    94
3:     3    94
4:     4    93
5:     5    93
6:     6    89
7:     7    87

N subj. per sex by batch:
   
     1  2
  1 20 10
  2 19 11
  3 19 12
  4 19 12
  5 24  7
  6 19 12
  7 21  9

N subj. per site by batch:
   
    21 22 23 24 25 26 27 29 30 31
  1  1  5  5  5  2  6  2  1  2  1
  2  1  8  4  4  2  5  3  1  1  1
  3  1  8  3  5  2  7  1  1  1  2
  4  1  7  5  3  3  7  1  1  2  1
  5  2  6  5  3  3  8  0  2  1  1
  6  1  6  4  4  2  9  0  2  1  2
  7  0  5  5  5  2  7  1  1  3  1

N subj. per intervention by batch:
   
    ADUControl ADUEndur ADUResist ATHEndur ATHResist
  1          6        7        13        1         3
  2          7        6        11        2         4
  3          6       10         8        2         5
  4          5        8        11        3         4
  5          3       11        10        4         3
  6          4       11        11        4         1
  7          6       11         9        3         1

N subj. per age group by batch (<40 yrs):
   
    FALSE TRUE
  1    12   18
  2    11   19
  3    16   15
  4    17   14
  5    18   13
  6    17   14
  7    21    9


Warning message:
'assay' is not in the column names of the merged API and shipment metadata. Batching will assume that all samples from a given tissue are for a single assay.

